# JRE version: Java(TM) SE Runtime Environment (8.0_141-b15) (build 1.8.0_141-b15)
# Java VM: Java HotSpot(TM) 64-Bit Server VM (25.141-b15 mixed mode windows-amd64 compressed oops)
Heap:
 PSYoungGen      total 288768K, used 21346K [0x00000000d5f00000, 0x00000000ea000000, 0x0000000100000000)
  eden space 261120K, 8% used [0x00000000d5f00000,0x00000000d73d8958,0x00000000e5e00000)
  from space 27648K, 0% used [0x00000000e7d00000,0x00000000e7d00000,0x00000000e9800000)
  to   space 31744K, 0% used [0x00000000e5e00000,0x00000000e5e00000,0x00000000e7d00000)
 ParOldGen       total 87552K, used 62056K [0x0000000081c00000, 0x0000000087180000, 0x00000000d5f00000)
  object space 87552K, 70% used [0x0000000081c00000,0x000000008589a3b8,0x0000000087180000)
 Metaspace       used 22245K, capacity 23532K, committed 23680K, reserved 1069056K
  class space    used 3135K, capacity 3377K, committed 3456K, reserved 1048576K
GC Heap History (10 events):
Event: 6.724 GC heap before
{Heap before GC invocations=5 (full 0):
 PSYoungGen      total 71680K, used 71621K [0x00000000d5f00000, 0x00000000daa00000, 0x0000000100000000)
  eden space 66560K, 99% used [0x00000000d5f00000,0x00000000d9ff9170,0x00000000da000000)
  from space 5120K, 99% used [0x00000000da500000,0x00000000da9f8420,0x00000000daa00000)
  to   space 5120K, 0% used [0x00000000da000000,0x00000000da000000,0x00000000da500000)
 ParOldGen       total 87552K, used 14438K [0x0000000081c00000, 0x0000000087180000, 0x00000000d5f00000)
  object space 87552K, 16% used [0x0000000081c00000,0x0000000082a19908,0x0000000087180000)
 Metaspace       used 17106K, capacity 17858K, committed 18048K, reserved 1064960K
  class space    used 2235K, capacity 2432K, committed 2432K, reserved 1048576K
Event: 6.741 GC heap after
Heap after GC invocations=5 (full 0):
 PSYoungGen      total 71680K, used 5109K [0x00000000d5f00000, 0x00000000e0900000, 0x0000000100000000)
  eden space 66560K, 0% used [0x00000000d5f00000,0x00000000d5f00000,0x00000000da000000)
  from space 5120K, 99% used [0x00000000da000000,0x00000000da4fd790,0x00000000da500000)
  to   space 20480K, 0% used [0x00000000df500000,0x00000000df500000,0x00000000e0900000)
 ParOldGen       total 87552K, used 29325K [0x0000000081c00000, 0x0000000087180000, 0x00000000d5f00000)
  object space 87552K, 33% used [0x0000000081c00000,0x00000000838a3598,0x0000000087180000)
 Metaspace       used 17106K, capacity 17858K, committed 18048K, reserved 1064960K
  class space    used 2235K, capacity 2432K, committed 2432K, reserved 1048576K
}
Event: 7.735 GC heap before
{Heap before GC invocations=6 (full 0):
 PSYoungGen      total 71680K, used 71669K [0x00000000d5f00000, 0x00000000e0900000, 0x0000000100000000)
  eden space 66560K, 100% used [0x00000000d5f00000,0x00000000da000000,0x00000000da000000)
  from space 5120K, 99% used [0x00000000da000000,0x00000000da4fd790,0x00000000da500000)
  to   space 20480K, 0% used [0x00000000df500000,0x00000000df500000,0x00000000e0900000)
 ParOldGen       total 87552K, used 29325K [0x0000000081c00000, 0x0000000087180000, 0x00000000d5f00000)
  object space 87552K, 33% used [0x0000000081c00000,0x00000000838a3598,0x0000000087180000)
 Metaspace       used 17251K, capacity 17990K, committed 18048K, reserved 1064960K
  class space    used 2246K, capacity 2432K, committed 2432K, reserved 1048576K
Event: 7.749 GC heap after
Heap after GC invocations=6 (full 0):
 PSYoungGen      total 153088K, used 14894K [0x00000000d5f00000, 0x00000000e0a00000, 0x0000000100000000)
  eden space 132608K, 0% used [0x00000000d5f00000,0x00000000d5f00000,0x00000000de080000)
  from space 20480K, 72% used [0x00000000df500000,0x00000000e038b8b0,0x00000000e0900000)
  to   space 20992K, 0% used [0x00000000de080000,0x00000000de080000,0x00000000df500000)
 ParOldGen       total 87552K, used 29333K [0x0000000081c00000, 0x0000000087180000, 0x00000000d5f00000)
  object space 87552K, 33% used [0x0000000081c00000,0x00000000838a5598,0x0000000087180000)
 Metaspace       used 17251K, capacity 17990K, committed 18048K, reserved 1064960K
  class space    used 2246K, capacity 2432K, committed 2432K, reserved 1048576K
}
Event: 9.335 GC heap before
{Heap before GC invocations=7 (full 0):
 PSYoungGen      total 153088K, used 147502K [0x00000000d5f00000, 0x00000000e0a00000, 0x0000000100000000)
  eden space 132608K, 100% used [0x00000000d5f00000,0x00000000de080000,0x00000000de080000)
  from space 20480K, 72% used [0x00000000df500000,0x00000000e038b8b0,0x00000000e0900000)
  to   space 20992K, 0% used [0x00000000de080000,0x00000000de080000,0x00000000df500000)
 ParOldGen       total 87552K, used 29333K [0x0000000081c00000, 0x0000000087180000, 0x00000000d5f00000)
  object space 87552K, 33% used [0x0000000081c00000,0x00000000838a5598,0x0000000087180000)
 Metaspace       used 17535K, capacity 18234K, committed 18432K, reserved 1064960K
  class space    used 2266K, capacity 2464K, committed 2560K, reserved 1048576K
Event: 9.360 GC heap after
Heap after GC invocations=7 (full 0):
 PSYoungGen      total 153600K, used 20989K [0x00000000d5f00000, 0x00000000e9800000, 0x0000000100000000)
  eden space 132608K, 0% used [0x00000000d5f00000,0x00000000d5f00000,0x00000000de080000)
  from space 20992K, 99% used [0x00000000de080000,0x00000000df4ff4d0,0x00000000df500000)
  to   space 27648K, 0% used [0x00000000e7d00000,0x00000000e7d00000,0x00000000e9800000)
 ParOldGen       total 87552K, used 35386K [0x0000000081c00000, 0x0000000087180000, 0x00000000d5f00000)
  object space 87552K, 40% used [0x0000000081c00000,0x0000000083e8eb48,0x0000000087180000)
 Metaspace       used 17535K, capacity 18234K, committed 18432K, reserved 1064960K
  class space    used 2266K, capacity 2464K, committed 2560K, reserved 1048576K
}
Event: 10.617 GC heap before
{Heap before GC invocations=8 (full 0):
 PSYoungGen      total 153600K, used 97606K [0x00000000d5f00000, 0x00000000e9800000, 0x0000000100000000)
  eden space 132608K, 57% used [0x00000000d5f00000,0x00000000da9d2678,0x00000000de080000)
  from space 20992K, 99% used [0x00000000de080000,0x00000000df4ff4d0,0x00000000df500000)
  to   space 27648K, 0% used [0x00000000e7d00000,0x00000000e7d00000,0x00000000e9800000)
 ParOldGen       total 87552K, used 35386K [0x0000000081c00000, 0x0000000087180000, 0x00000000d5f00000)
  object space 87552K, 40% used [0x0000000081c00000,0x0000000083e8eb48,0x0000000087180000)
 Metaspace       used 20195K, capacity 21086K, committed 21248K, reserved 1067008K
  class space    used 2756K, capacity 2972K, committed 3072K, reserved 1048576K
Event: 10.645 GC heap after
Heap after GC invocations=8 (full 0):
 PSYoungGen      total 288768K, used 27439K [0x00000000d5f00000, 0x00000000ea000000, 0x0000000100000000)
  eden space 261120K, 0% used [0x00000000d5f00000,0x00000000d5f00000,0x00000000e5e00000)
  from space 27648K, 99% used [0x00000000e7d00000,0x00000000e97cbcc0,0x00000000e9800000)
  to   space 31744K, 0% used [0x00000000e5e00000,0x00000000e5e00000,0x00000000e7d00000)
 ParOldGen       total 87552K, used 35666K [0x0000000081c00000, 0x0000000087180000, 0x00000000d5f00000)
  object space 87552K, 40% used [0x0000000081c00000,0x0000000083ed4b48,0x0000000087180000)
 Metaspace       used 20195K, capacity 21086K, committed 21248K, reserved 1067008K
  class space    used 2756K, capacity 2972K, committed 3072K, reserved 1048576K
}
Event: 10.645 GC heap before
{Heap before GC invocations=9 (full 1):
 PSYoungGen      total 288768K, used 27439K [0x00000000d5f00000, 0x00000000ea000000, 0x0000000100000000)
  eden space 261120K, 0% used [0x00000000d5f00000,0x00000000d5f00000,0x00000000e5e00000)
  from space 27648K, 99% used [0x00000000e7d00000,0x00000000e97cbcc0,0x00000000e9800000)
  to   space 31744K, 0% used [0x00000000e5e00000,0x00000000e5e00000,0x00000000e7d00000)
 ParOldGen       total 87552K, used 35666K [0x0000000081c00000, 0x0000000087180000, 0x00000000d5f00000)
  object space 87552K, 40% used [0x0000000081c00000,0x0000000083ed4b48,0x0000000087180000)
 Metaspace       used 20195K, capacity 21086K, committed 21248K, reserved 1067008K
  class space    used 2756K, capacity 2972K, committed 3072K, reserved 1048576K
Event: 11.002 GC heap after
Heap after GC invocations=9 (full 1):
 PSYoungGen      total 288768K, used 0K [0x00000000d5f00000, 0x00000000ea000000, 0x0000000100000000)
  eden space 261120K, 0% used [0x00000000d5f00000,0x00000000d5f00000,0x00000000e5e00000)
  from space 27648K, 0% used [0x00000000e7d00000,0x00000000e7d00000,0x00000000e9800000)
  to   space 31744K, 0% used [0x00000000e5e00000,0x00000000e5e00000,0x00000000e7d00000)
 ParOldGen       total 87552K, used 62056K [0x0000000081c00000, 0x0000000087180000, 0x00000000d5f00000)
  object space 87552K, 70% used [0x0000000081c00000,0x000000008589a3b8,0x0000000087180000)
 Metaspace       used 20195K, capacity 21086K, committed 21248K, reserved 1067008K
  class space    used 2756K, capacity 2972K, committed 3072K, reserved 1048576K
}

