# JRE version: Java(TM) SE Runtime Environment (8.0_141-b15) (build 1.8.0_141-b15)
# Java VM: Java HotSpot(TM) 64-Bit Server VM (25.141-b15 mixed mode windows-amd64 compressed oops)
Heap:
 PSYoungGen      total 118272K, used 5801K [0x00000000d5f00000, 0x00000000e2000000, 0x0000000100000000)
  eden space 100864K, 5% used [0x00000000d5f00000,0x00000000d64aa6e0,0x00000000dc180000)
  from space 17408K, 0% used [0x00000000dc180000,0x00000000dc180000,0x00000000dd280000)
  to   space 17920K, 0% used [0x00000000e0e80000,0x00000000e0e80000,0x00000000e2000000)
 ParOldGen       total 126976K, used 62819K [0x0000000081c00000, 0x0000000089800000, 0x00000000d5f00000)
  object space 126976K, 49% used [0x0000000081c00000,0x0000000085958f38,0x0000000089800000)
 Metaspace       used 20826K, capacity 22082K, committed 22144K, reserved 1069056K
  class space    used 2945K, capacity 3172K, committed 3200K, reserved 1048576K
GC Heap History (10 events):
Event: 10.231 GC heap before
{Heap before GC invocations=8 (full 0):
 PSYoungGen      total 49152K, used 44333K [0x00000000d5f00000, 0x00000000dbf00000, 0x0000000100000000)
  eden space 31744K, 100% used [0x00000000d5f00000,0x00000000d7e00000,0x00000000d7e00000)
  from space 17408K, 72% used [0x00000000d7e00000,0x00000000d8a4b750,0x00000000d8f00000)
  to   space 17408K, 0% used [0x00000000dae00000,0x00000000dae00000,0x00000000dbf00000)
 ParOldGen       total 87552K, used 30784K [0x0000000081c00000, 0x0000000087180000, 0x00000000d5f00000)
  object space 87552K, 35% used [0x0000000081c00000,0x0000000083a103e0,0x0000000087180000)
 Metaspace       used 16320K, capacity 17030K, committed 17152K, reserved 1064960K
  class space    used 2117K, capacity 2278K, committed 2304K, reserved 1048576K
Event: 10.378 GC heap after
Heap after GC invocations=8 (full 0):
 PSYoungGen      total 80384K, used 14371K [0x00000000d5f00000, 0x00000000dc000000, 0x0000000100000000)
  eden space 62976K, 0% used [0x00000000d5f00000,0x00000000d5f00000,0x00000000d9c80000)
  from space 17408K, 82% used [0x00000000dae00000,0x00000000dbc08c90,0x00000000dbf00000)
  to   space 17920K, 0% used [0x00000000d9c80000,0x00000000d9c80000,0x00000000dae00000)
 ParOldGen       total 87552K, used 31533K [0x0000000081c00000, 0x0000000087180000, 0x00000000d5f00000)
  object space 87552K, 36% used [0x0000000081c00000,0x0000000083acb4f0,0x0000000087180000)
 Metaspace       used 16320K, capacity 17030K, committed 17152K, reserved 1064960K
  class space    used 2117K, capacity 2278K, committed 2304K, reserved 1048576K
}
Event: 12.839 GC heap before
{Heap before GC invocations=9 (full 0):
 PSYoungGen      total 80384K, used 77347K [0x00000000d5f00000, 0x00000000dc000000, 0x0000000100000000)
  eden space 62976K, 100% used [0x00000000d5f00000,0x00000000d9c80000,0x00000000d9c80000)
  from space 17408K, 82% used [0x00000000dae00000,0x00000000dbc08c90,0x00000000dbf00000)
  to   space 17920K, 0% used [0x00000000d9c80000,0x00000000d9c80000,0x00000000dae00000)
 ParOldGen       total 87552K, used 31533K [0x0000000081c00000, 0x0000000087180000, 0x00000000d5f00000)
  object space 87552K, 36% used [0x0000000081c00000,0x0000000083acb4f0,0x0000000087180000)
 Metaspace       used 16466K, capacity 17138K, committed 17280K, reserved 1064960K
  class space    used 2127K, capacity 2310K, committed 2432K, reserved 1048576K
Event: 12.851 GC heap after
Heap after GC invocations=9 (full 0):
 PSYoungGen      total 80896K, used 12717K [0x00000000d5f00000, 0x00000000de480000, 0x0000000100000000)
  eden space 62976K, 0% used [0x00000000d5f00000,0x00000000d5f00000,0x00000000d9c80000)
  from space 17920K, 70% used [0x00000000d9c80000,0x00000000da8eb560,0x00000000dae00000)
  to   space 17920K, 0% used [0x00000000dd300000,0x00000000dd300000,0x00000000de480000)
 ParOldGen       total 87552K, used 39558K [0x0000000081c00000, 0x0000000087180000, 0x00000000d5f00000)
  object space 87552K, 45% used [0x0000000081c00000,0x00000000842a1ae0,0x0000000087180000)
 Metaspace       used 16466K, capacity 17138K, committed 17280K, reserved 1064960K
  class space    used 2127K, capacity 2310K, committed 2432K, reserved 1048576K
}
Event: 13.659 GC heap before
{Heap before GC invocations=10 (full 0):
 PSYoungGen      total 80896K, used 75693K [0x00000000d5f00000, 0x00000000de480000, 0x0000000100000000)
  eden space 62976K, 100% used [0x00000000d5f00000,0x00000000d9c80000,0x00000000d9c80000)
  from space 17920K, 70% used [0x00000000d9c80000,0x00000000da8eb560,0x00000000dae00000)
  to   space 17920K, 0% used [0x00000000dd300000,0x00000000dd300000,0x00000000de480000)
 ParOldGen       total 87552K, used 39558K [0x0000000081c00000, 0x0000000087180000, 0x00000000d5f00000)
  object space 87552K, 45% used [0x0000000081c00000,0x00000000842a1ae0,0x0000000087180000)
 Metaspace       used 16593K, capacity 17330K, committed 17536K, reserved 1064960K
  class space    used 2138K, capacity 2310K, committed 2432K, reserved 1048576K
Event: 13.679 GC heap after
Heap after GC invocations=10 (full 0):
 PSYoungGen      total 117760K, used 12407K [0x00000000d5f00000, 0x00000000de380000, 0x0000000100000000)
  eden space 100864K, 0% used [0x00000000d5f00000,0x00000000d5f00000,0x00000000dc180000)
  from space 16896K, 73% used [0x00000000dd300000,0x00000000ddf1dd80,0x00000000de380000)
  to   space 17408K, 0% used [0x00000000dc180000,0x00000000dc180000,0x00000000dd280000)
 ParOldGen       total 87552K, used 45888K [0x0000000081c00000, 0x0000000087180000, 0x00000000d5f00000)
  object space 87552K, 52% used [0x0000000081c00000,0x00000000848d0180,0x0000000087180000)
 Metaspace       used 16593K, capacity 17330K, committed 17536K, reserved 1064960K
  class space    used 2138K, capacity 2310K, committed 2432K, reserved 1048576K
}
Event: 15.468 GC heap before
{Heap before GC invocations=11 (full 0):
 PSYoungGen      total 117760K, used 77411K [0x00000000d5f00000, 0x00000000de380000, 0x0000000100000000)
  eden space 100864K, 64% used [0x00000000d5f00000,0x00000000d9e7aff0,0x00000000dc180000)
  from space 16896K, 73% used [0x00000000dd300000,0x00000000ddf1dd80,0x00000000de380000)
  to   space 17408K, 0% used [0x00000000dc180000,0x00000000dc180000,0x00000000dd280000)
 ParOldGen       total 87552K, used 45888K [0x0000000081c00000, 0x0000000087180000, 0x00000000d5f00000)
  object space 87552K, 52% used [0x0000000081c00000,0x00000000848d0180,0x0000000087180000)
 Metaspace       used 20069K, capacity 21200K, committed 21248K, reserved 1067008K
  class space    used 2794K, capacity 3039K, committed 3072K, reserved 1048576K
Event: 15.495 GC heap after
Heap after GC invocations=11 (full 0):
 PSYoungGen      total 118272K, used 5571K [0x00000000d5f00000, 0x00000000e2000000, 0x0000000100000000)
  eden space 100864K, 0% used [0x00000000d5f00000,0x00000000d5f00000,0x00000000dc180000)
  from space 17408K, 32% used [0x00000000dc180000,0x00000000dc6f0ff8,0x00000000dd280000)
  to   space 17920K, 0% used [0x00000000e0e80000,0x00000000e0e80000,0x00000000e2000000)
 ParOldGen       total 87552K, used 58167K [0x0000000081c00000, 0x0000000087180000, 0x00000000d5f00000)
  object space 87552K, 66% used [0x0000000081c00000,0x00000000854cdf10,0x0000000087180000)
 Metaspace       used 20069K, capacity 21200K, committed 21248K, reserved 1067008K
  class space    used 2794K, capacity 3039K, committed 3072K, reserved 1048576K
}
Event: 15.495 GC heap before
{Heap before GC invocations=12 (full 1):
 PSYoungGen      total 118272K, used 5571K [0x00000000d5f00000, 0x00000000e2000000, 0x0000000100000000)
  eden space 100864K, 0% used [0x00000000d5f00000,0x00000000d5f00000,0x00000000dc180000)
  from space 17408K, 32% used [0x00000000dc180000,0x00000000dc6f0ff8,0x00000000dd280000)
  to   space 17920K, 0% used [0x00000000e0e80000,0x00000000e0e80000,0x00000000e2000000)
 ParOldGen       total 87552K, used 58167K [0x0000000081c00000, 0x0000000087180000, 0x00000000d5f00000)
  object space 87552K, 66% used [0x0000000081c00000,0x00000000854cdf10,0x0000000087180000)
 Metaspace       used 20069K, capacity 21200K, committed 21248K, reserved 1067008K
  class space    used 2794K, capacity 3039K, committed 3072K, reserved 1048576K
Event: 16.036 GC heap after
Heap after GC invocations=12 (full 1):
 PSYoungGen      total 118272K, used 0K [0x00000000d5f00000, 0x00000000e2000000, 0x0000000100000000)
  eden space 100864K, 0% used [0x00000000d5f00000,0x00000000d5f00000,0x00000000dc180000)
  from space 17408K, 0% used [0x00000000dc180000,0x00000000dc180000,0x00000000dd280000)
  to   space 17920K, 0% used [0x00000000e0e80000,0x00000000e0e80000,0x00000000e2000000)
 ParOldGen       total 126976K, used 62819K [0x0000000081c00000, 0x0000000089800000, 0x00000000d5f00000)
  object space 126976K, 49% used [0x0000000081c00000,0x0000000085958f38,0x0000000089800000)
 Metaspace       used 20069K, capacity 21200K, committed 21248K, reserved 1067008K
  class space    used 2794K, capacity 3039K, committed 3072K, reserved 1048576K
}

